<?xml version="1.0" encoding="UTF-8"?>
<testng-results ignored="0" total="1" passed="1" failed="0" skipped="0">
  <reporter-output>
  </reporter-output>
  <suite started-at="2025-03-28T18:47:39 IST" name="Default suite" finished-at="2025-03-28T18:47:43 IST" duration-ms="4115">
    <groups>
    </groups>
    <test started-at="2025-03-28T18:47:39 IST" name="Default test" finished-at="2025-03-28T18:47:43 IST" duration-ms="4115">
      <class name="testCases.TC001_Close_QuerryPopUp_and_land_to_the_Homepage">
        <test-method is-config="true" signature="setup()[pri:0, instance:testCases.TC001_Close_QuerryPopUp_and_land_to_the_Homepage@4116aac9]" started-at="2025-03-28T18:47:39 IST" name="setup" finished-at="2025-03-28T18:47:43 IST" duration-ms="3809" status="PASS">
          <reporter-output>
          </reporter-output>
        </test-method> <!-- setup -->
        <test-method signature="closeQuerryPopup()[pri:0, instance:testCases.TC001_Close_QuerryPopUp_and_land_to_the_Homepage@4116aac9]" started-at="2025-03-28T18:47:43 IST" name="closeQuerryPopup" finished-at="2025-03-28T18:47:43 IST" duration-ms="256" status="PASS">
          <reporter-output>
          </reporter-output>
        </test-method> <!-- closeQuerryPopup -->
      </class> <!-- testCases.TC001_Close_QuerryPopUp_and_land_to_the_Homepage -->
    </test> <!-- Default test -->
  </suite> <!-- Default suite -->
</testng-results>
