<?xml version="1.0" encoding="UTF-8"?>
<testng-results ignored="0" total="1" passed="1" failed="0" skipped="0">
  <reporter-output>
  </reporter-output>
  <suite started-at="2025-04-03T17:23:28 IST" name="Default suite" finished-at="2025-04-03T17:23:44 IST" duration-ms="15835">
    <groups>
    </groups>
    <test started-at="2025-04-03T17:23:28 IST" name="Default test" finished-at="2025-04-03T17:23:44 IST" duration-ms="15835">
      <class name="testCases.TC004_verify_BrandNewCar">
        <test-method is-config="true" signature="setup()[pri:0, instance:testCases.TC004_verify_BrandNewCar@62ddbd7e]" started-at="2025-04-03T17:23:28 IST" name="setup" finished-at="2025-04-03T17:23:31 IST" duration-ms="3315" status="PASS">
          <reporter-output>
          </reporter-output>
        </test-method> <!-- setup -->
        <test-method signature="verifyBrandNewCar()[pri:0, instance:testCases.TC004_verify_BrandNewCar@62ddbd7e]" started-at="2025-04-03T17:23:31 IST" name="verifyBrandNewCar" finished-at="2025-04-03T17:23:44 IST" duration-ms="12449" status="PASS">
          <reporter-output>
          </reporter-output>
        </test-method> <!-- verifyBrandNewCar -->
      </class> <!-- testCases.TC004_verify_BrandNewCar -->
    </test> <!-- Default test -->
  </suite> <!-- Default suite -->
</testng-results>
